Arguments: 
  C:\Program Files\nodejs\node.exe C:\Users\arzu2\AppData\Roaming\npm\node_modules\yarn\bin\yarn.js install

PATH: 
  C:\Windows\system32;C:\Windows;C:\Windows\System32\Wbem;C:\Windows\System32\WindowsPowerShell\v1.0\;C:\Windows\System32\OpenSSH\;C:\Program Files\nodejs\;C:\Program Files\Git\cmd;C:\Users\arzu2\AppData\Local\Microsoft\WindowsApps;;C:\Users\arzu2\AppData\Local\Programs\Microsoft VS Code\bin;C:\Users\arzu2\AppData\Roaming\npm;C:\Program Files\heroku\bin

Yarn version: 
  1.22.19

Node version: 
  16.16.0

Platform: 
  win32 x64

Trace: 
  SyntaxError: E:\Projects\node-mongo-acc\a\package.json: Unexpected token } in JSON at position 396
      at JSON.parse (<anonymous>)
      at C:\Users\arzu2\AppData\Roaming\npm\node_modules\yarn\lib\cli.js:1629:59
      at Generator.next (<anonymous>)
      at step (C:\Users\arzu2\AppData\Roaming\npm\node_modules\yarn\lib\cli.js:310:30)
      at C:\Users\arzu2\AppData\Roaming\npm\node_modules\yarn\lib\cli.js:321:13

npm manifest: 
  {
    "name": "phero-final-project-server",
    "version": "1.0.0",
    "description": "",
    "main": "index.js",
    "scripts": {
      "start": "node index.js",
      "dev": "nodemon index.js",
      "test": "echo \"Error: no test specified\" && exit 1"
    },
    "keywords": [],
    "author": "",
    "license": "ISC",
    "dependencies": {
      "cors": "^2.8.5",
      "express": "^4.18.1",
      "nodemon": "^2.0.19",
    }
  }

yarn manifest: 
  No manifest

Lockfile: 
  No lockfile
